<?xml version="1.0" encoding="UTF-8"?>
<testsuite xmlns:xsi="http://www.w3.org/2001/XMLSchema-instance" xsi:noNamespaceSchemaLocation="https://maven.apache.org/surefire/maven-surefire-plugin/xsd/surefire-test-report.xsd" name="org.eclipse.main.AppTest" time="0.029" tests="1" errors="0" skipped="0" failures="0">
  <properties>
    <property name="java.specification.version" value="21"/>
    <property name="sun.jnu.encoding" value="UTF-8"/>
    <property name="java.class.path" value="/Users/guillaumewelle/eclipse-jee-workspace/spring-ioc/target/test-classes:/Users/guillaumewelle/eclipse-jee-workspace/spring-ioc/target/classes:/Users/guillaumewelle/.m2/repository/junit/junit/4.11/junit-4.11.jar:/Users/guillaumewelle/.m2/repository/org/hamcrest/hamcrest-core/1.3/hamcrest-core-1.3.jar:/Users/guillaumewelle/.m2/repository/org/springframework/spring-context-support/6.0.3/spring-context-support-6.0.3.jar:/Users/guillaumewelle/.m2/repository/org/springframework/spring-beans/6.0.3/spring-beans-6.0.3.jar:/Users/guillaumewelle/.m2/repository/org/springframework/spring-context/6.0.3/spring-context-6.0.3.jar:/Users/guillaumewelle/.m2/repository/org/springframework/spring-aop/6.0.3/spring-aop-6.0.3.jar:/Users/guillaumewelle/.m2/repository/org/springframework/spring-expression/6.0.3/spring-expression-6.0.3.jar:/Users/guillaumewelle/.m2/repository/org/springframework/spring-core/6.0.3/spring-core-6.0.3.jar:/Users/guillaumewelle/.m2/repository/org/springframework/spring-jcl/6.0.3/spring-jcl-6.0.3.jar:"/>
    <property name="java.vm.vendor" value="Homebrew"/>
    <property name="sun.arch.data.model" value="64"/>
    <property name="java.vendor.url" value="https://github.com/Homebrew/homebrew-core/issues"/>
    <property name="os.name" value="Mac OS X"/>
    <property name="java.vm.specification.version" value="21"/>
    <property name="sun.java.launcher" value="SUN_STANDARD"/>
    <property name="user.country" value="FR"/>
    <property name="sun.boot.library.path" value="/usr/local/Cellar/openjdk/21.0.1/libexec/openjdk.jdk/Contents/Home/lib"/>
    <property name="sun.java.command" value="/Users/guillaumewelle/eclipse-jee-workspace/spring-ioc/target/surefire/surefirebooter16420722069161260402.jar /Users/guillaumewelle/eclipse-jee-workspace/spring-ioc/target/surefire 2024-04-06T11-37-31_088-jvmRun1 surefire13022718371389256188tmp surefire_012624775795855211533tmp"/>
    <property name="http.nonProxyHosts" value="local|*.local|169.254/16|*.169.254/16"/>
    <property name="jdk.debug" value="release"/>
    <property name="surefire.test.class.path" value="/Users/guillaumewelle/eclipse-jee-workspace/spring-ioc/target/test-classes:/Users/guillaumewelle/eclipse-jee-workspace/spring-ioc/target/classes:/Users/guillaumewelle/.m2/repository/junit/junit/4.11/junit-4.11.jar:/Users/guillaumewelle/.m2/repository/org/hamcrest/hamcrest-core/1.3/hamcrest-core-1.3.jar:/Users/guillaumewelle/.m2/repository/org/springframework/spring-context-support/6.0.3/spring-context-support-6.0.3.jar:/Users/guillaumewelle/.m2/repository/org/springframework/spring-beans/6.0.3/spring-beans-6.0.3.jar:/Users/guillaumewelle/.m2/repository/org/springframework/spring-context/6.0.3/spring-context-6.0.3.jar:/Users/guillaumewelle/.m2/repository/org/springframework/spring-aop/6.0.3/spring-aop-6.0.3.jar:/Users/guillaumewelle/.m2/repository/org/springframework/spring-expression/6.0.3/spring-expression-6.0.3.jar:/Users/guillaumewelle/.m2/repository/org/springframework/spring-core/6.0.3/spring-core-6.0.3.jar:/Users/guillaumewelle/.m2/repository/org/springframework/spring-jcl/6.0.3/spring-jcl-6.0.3.jar:"/>
    <property name="sun.cpu.endian" value="little"/>
    <property name="user.home" value="/Users/guillaumewelle"/>
    <property name="user.language" value="fr"/>
    <property name="java.specification.vendor" value="Oracle Corporation"/>
    <property name="java.version.date" value="2023-10-17"/>
    <property name="java.home" value="/usr/local/Cellar/openjdk/21.0.1/libexec/openjdk.jdk/Contents/Home"/>
    <property name="file.separator" value="/"/>
    <property name="basedir" value="/Users/guillaumewelle/eclipse-jee-workspace/spring-ioc"/>
    <property name="java.vm.compressedOopsMode" value="Zero based"/>
    <property name="line.separator" value="&#10;"/>
    <property name="java.vm.specification.vendor" value="Oracle Corporation"/>
    <property name="java.specification.name" value="Java Platform API Specification"/>
    <property name="apple.awt.application.name" value="ForkedBooter"/>
    <property name="surefire.real.class.path" value="/Users/guillaumewelle/eclipse-jee-workspace/spring-ioc/target/surefire/surefirebooter16420722069161260402.jar"/>
    <property name="sun.management.compiler" value="HotSpot 64-Bit Tiered Compilers"/>
    <property name="ftp.nonProxyHosts" value="local|*.local|169.254/16|*.169.254/16"/>
    <property name="java.runtime.version" value="21.0.1"/>
    <property name="user.name" value="guillaumewelle"/>
    <property name="stdout.encoding" value="UTF-8"/>
    <property name="path.separator" value=":"/>
    <property name="os.version" value="14.2.1"/>
    <property name="java.runtime.name" value="OpenJDK Runtime Environment"/>
    <property name="file.encoding" value="UTF-8"/>
    <property name="java.vm.name" value="OpenJDK 64-Bit Server VM"/>
    <property name="java.vendor.version" value="Homebrew"/>
    <property name="localRepository" value="/Users/guillaumewelle/.m2/repository"/>
    <property name="java.vendor.url.bug" value="https://github.com/Homebrew/homebrew-core/issues"/>
    <property name="java.io.tmpdir" value="/var/folders/dl/vrxj5_0x3k78h0m_ggj17ck80000gn/T/"/>
    <property name="java.version" value="21.0.1"/>
    <property name="user.dir" value="/Users/guillaumewelle/eclipse-jee-workspace/spring-ioc"/>
    <property name="os.arch" value="x86_64"/>
    <property name="java.vm.specification.name" value="Java Virtual Machine Specification"/>
    <property name="native.encoding" value="UTF-8"/>
    <property name="java.library.path" value="/Users/guillaumewelle/Library/Java/Extensions:/Library/Java/Extensions:/Network/Library/Java/Extensions:/System/Library/Java/Extensions:/usr/lib/java:."/>
    <property name="java.vm.info" value="mixed mode, sharing"/>
    <property name="stderr.encoding" value="UTF-8"/>
    <property name="java.vendor" value="Homebrew"/>
    <property name="java.vm.version" value="21.0.1"/>
    <property name="sun.io.unicode.encoding" value="UnicodeBig"/>
    <property name="socksNonProxyHosts" value="local|*.local|169.254/16|*.169.254/16"/>
    <property name="java.class.version" value="65.0"/>
  </properties>
  <testcase name="shouldAnswerWithTrue" classname="org.eclipse.main.AppTest" time="0.003"/>
</testsuite>